<?xml version="1.0" encoding="UTF-8"?>
<testng-results skipped="0" failed="0" total="1" passed="1">
  <reporter-output>
  </reporter-output>
  <suite name="Default suite" duration-ms="25738" started-at="2019-05-02T08:21:53Z" finished-at="2019-05-02T08:22:19Z">
    <groups>
    </groups>
    <test name="Default test" duration-ms="25738" started-at="2019-05-02T08:21:53Z" finished-at="2019-05-02T08:22:19Z">
      <class name="d_Zone.ZoneTest">
        <test-method status="PASS" signature="browser()[pri:0, instance:d_Zone.ZoneTest@15eef3d]" name="browser" duration-ms="25721" started-at="2019-05-02T13:51:53Z" finished-at="2019-05-02T13:52:19Z">
          <reporter-output>
          </reporter-output>
        </test-method> <!-- browser -->
      </class> <!-- d_Zone.ZoneTest -->
    </test> <!-- Default test -->
  </suite> <!-- Default suite -->
</testng-results>
